<?xml version="1.0" encoding="UTF-8"?>
<testsuite xmlns:xsi="http://www.w3.org/2001/XMLSchema-instance" xsi:noNamespaceSchemaLocation="https://maven.apache.org/surefire/maven-failsafe-plugin/xsd/failsafe-test-report-3.0.xsd" version="3.0" name="TestRunner" time="20.587" tests="5" errors="0" skipped="0" failures="0">
  <properties>
[...]
</properties>
  <testcase name="Successful login with valid credentials to site 4" classname="Sample feature" time="17.742">
    <system-out><![CDATA[2024-07-21 16:05:36 INFO  n.thucydides.core.steps.StepEventBus - Loading JUnit Platform configuration parameters from classpath resource [junit-platform.properties].
2024-07-21 16:05:37 INFO   - 

-------------------------------------------------------------------------------------
     _______. _______ .______       _______ .__   __.  __  .___________.____    ____ 
    /       ||   ____||   _  \     |   ____||  \ |  | |  | |           |\   \  /   / 
   |   (----`|  |__   |  |_)  |    |  |__   |   \|  | |  | `---|  |----` \   \/   /  
    \   \    |   __|  |      /     |   __|  |  . `  | |  |     |  |       \_    _/   
.----)   |   |  |____ |  |\  \----.|  |____ |  |\   | |  |     |  |         |  |     
|_______/    |_______|| _| `._____||_______||__| \__| |__|     |__|         |__|    
                                                                                     
 News and tutorials at https://serenity-bdd.info                                     
 Documentation at https://serenity-bdd.github.io                                     
 Test Automation Training and Coaching: https://www.serenity-dojo.com                
 Commercial Support: https://www.serenity-dojo.com/serenity-bdd-enterprise-support   
 Join the Serenity Community on Gitter: https://gitter.im/serenity-bdd/serenity-core 
-------------------------------------------------------------------------------------

2024-07-21 16:05:37 INFO   - Test Suite Started: Sample feature
2024-07-21 16:05:37 INFO  steps.MySteps - Opening the website: https://gh-users-search.netlify.app/
2024-07-21 16:05:37 INFO  steps.MySteps - Opening the website: https://gh-users-search.netlify.app/
2024-07-21 16:05:37 INFO  steps.MySteps - Opening the website: https://gh-users-search.netlify.app/
2024-07-21 16:05:37 INFO  steps.MySteps - Opening the website: https://gh-users-search.netlify.app/
2024-07-21 16:05:37 INFO  steps.MySteps - Opening the website: https://gh-users-search.netlify.app/
2024-07-21 16:05:38 INFO  n.s.c.w.d.ChromeDriverProvider - Starting Chrome driver instance with capabilities:
2024-07-21 16:05:38 INFO  n.s.c.w.d.ChromeDriverProvider - Starting Chrome driver instance with capabilities:
2024-07-21 16:05:38 INFO  n.s.c.w.d.ChromeDriverProvider - Starting Chrome driver instance with capabilities:
2024-07-21 16:05:38 INFO  n.s.c.w.d.ChromeDriverProvider - Starting Chrome driver instance with capabilities:
2024-07-21 16:05:38 INFO  n.s.c.w.d.ChromeDriverProvider - Starting Chrome driver instance with capabilities:
2024-07-21 16:05:38 INFO  n.s.c.w.d.ChromeDriverProvider - Capabilities {acceptInsecureCerts: false, browserName: chrome, goog:chromeOptions: {args: [remote-allow-origins=*], extensions: []}}
2024-07-21 16:05:38 INFO  n.s.c.w.d.ChromeDriverProvider - Capabilities {acceptInsecureCerts: false, browserName: chrome, goog:chromeOptions: {args: [remote-allow-origins=*], extensions: []}}
2024-07-21 16:05:38 INFO  n.s.c.w.d.ChromeDriverProvider - Capabilities {acceptInsecureCerts: false, browserName: chrome, goog:chromeOptions: {args: [remote-allow-origins=*], extensions: []}}
2024-07-21 16:05:38 INFO  n.s.c.w.d.ChromeDriverProvider - Capabilities {acceptInsecureCerts: false, browserName: chrome, goog:chromeOptions: {args: [remote-allow-origins=*], extensions: []}}
2024-07-21 16:05:38 INFO  n.s.c.w.d.ChromeDriverProvider - Capabilities {acceptInsecureCerts: false, browserName: chrome, goog:chromeOptions: {args: [remote-allow-origins=*], extensions: []}}
2024-07-21 16:05:48 INFO  steps.MySteps - Searching for: dating
2024-07-21 16:05:48 INFO  pages.BasePage - Using WebDriver instance: ChromeDriver: chrome on windows (441ea2a624b707bb683e91bcf30a1ec7)
2024-07-21 16:05:48 INFO  pages.BasePage - Searching for: dating
2024-07-21 16:05:48 INFO  steps.MySteps - Searching for: travel to Huaraz
2024-07-21 16:05:48 INFO  pages.BasePage - Using WebDriver instance: ChromeDriver: chrome on windows (f2b063488ad2bb9cec31d5311f0a7a02)
2024-07-21 16:05:48 INFO  pages.BasePage - Searching for: travel to Huaraz
2024-07-21 16:05:49 INFO  steps.MySteps - Searching for: communication
2024-07-21 16:05:49 INFO  pages.BasePage - Using WebDriver instance: ChromeDriver: chrome on windows (85dcbbe08b54cf38c6414cf8ddb602d9)
2024-07-21 16:05:49 INFO  pages.BasePage - Searching for: communication
2024-07-21 16:05:49 INFO  steps.MySteps - Searching for: gossips
2024-07-21 16:05:49 INFO  pages.BasePage - Using WebDriver instance: ChromeDriver: chrome on windows (b955cb57b3b19ee8039f04d7d1c4f422)
2024-07-21 16:05:49 INFO  pages.BasePage - Searching for: gossips
2024-07-21 16:05:49 INFO  steps.MySteps - Searching for: time management
2024-07-21 16:05:49 INFO  pages.BasePage - Using WebDriver instance: ChromeDriver: chrome on windows (6bca2221d9406896599441952ee7e3d9)
2024-07-21 16:05:49 INFO  pages.BasePage - Searching for: time management
]]></system-out>
    <system-err><![CDATA[jul. 21, 2024 4:05:44 P. M. org.openqa.selenium.devtools.CdpVersionFinder findNearestMatch
ADVERTENCIA: Unable to find CDP implementation matching 126
jul. 21, 2024 4:05:44 P. M. org.openqa.selenium.devtools.CdpVersionFinder findNearestMatch
ADVERTENCIA: Unable to find CDP implementation matching 126
jul. 21, 2024 4:05:44 P. M. org.openqa.selenium.chromium.ChromiumDriver lambda$new$5
ADVERTENCIA: Unable to find version of CDP to use for 126.0.6478.183. You may need to include a dependency on a specific version of the CDP using something similar to `org.seleniumhq.selenium:selenium-devtools-v86:4.14.1` where the version ("v86") matches the version of the chromium-based browser you're using and the version number of the artifact is the same as Selenium's.
jul. 21, 2024 4:05:44 P. M. org.openqa.selenium.devtools.CdpVersionFinder findNearestMatch
ADVERTENCIA: Unable to find CDP implementation matching 126
jul. 21, 2024 4:05:44 P. M. org.openqa.selenium.chromium.ChromiumDriver lambda$new$5
ADVERTENCIA: Unable to find version of CDP to use for 126.0.6478.183. You may need to include a dependency on a specific version of the CDP using something similar to `org.seleniumhq.selenium:selenium-devtools-v86:4.14.1` where the version ("v86") matches the version of the chromium-based browser you're using and the version number of the artifact is the same as Selenium's.
jul. 21, 2024 4:05:44 P. M. org.openqa.selenium.devtools.CdpVersionFinder findNearestMatch
ADVERTENCIA: Unable to find CDP implementation matching 126
jul. 21, 2024 4:05:44 P. M. org.openqa.selenium.devtools.CdpVersionFinder findNearestMatch
ADVERTENCIA: Unable to find CDP implementation matching 126
jul. 21, 2024 4:05:44 P. M. org.openqa.selenium.chromium.ChromiumDriver lambda$new$5
ADVERTENCIA: Unable to find version of CDP to use for 126.0.6478.183. You may need to include a dependency on a specific version of the CDP using something similar to `org.seleniumhq.selenium:selenium-devtools-v86:4.14.1` where the version ("v86") matches the version of the chromium-based browser you're using and the version number of the artifact is the same as Selenium's.
jul. 21, 2024 4:05:44 P. M. org.openqa.selenium.chromium.ChromiumDriver lambda$new$5
ADVERTENCIA: Unable to find version of CDP to use for 126.0.6478.183. You may need to include a dependency on a specific version of the CDP using something similar to `org.seleniumhq.selenium:selenium-devtools-v86:4.14.1` where the version ("v86") matches the version of the chromium-based browser you're using and the version number of the artifact is the same as Selenium's.
jul. 21, 2024 4:05:44 P. M. org.openqa.selenium.chromium.ChromiumDriver lambda$new$5
ADVERTENCIA: Unable to find version of CDP to use for 126.0.6478.183. You may need to include a dependency on a specific version of the CDP using something similar to `org.seleniumhq.selenium:selenium-devtools-v86:4.14.1` where the version ("v86") matches the version of the chromium-based browser you're using and the version number of the artifact is the same as Selenium's.
]]></system-err>
  </testcase>
  <testcase name="Successful login with valid credentials to site 5" classname="Sample feature" time="17.742"/>
  <testcase name="Successful login with valid credentials to site 1" classname="Sample feature" time="18.95"/>
  <testcase name="Successful login with valid credentials to site 3" classname="Sample feature" time="18.95"/>
  <testcase name="Successful login with valid credentials to site 2" classname="Sample feature" time="18.95"/>
</testsuite>