<?xml version="1.0" encoding="UTF-8" standalone="no"?><testsuite errors="0" failures="0" name="Sample feature" skipped="0" tests="5" time="82.01" timestamp="2024-07-21 04:05:37"><testcase name="Successful login with valid credentials to site 5"/><testcase name="Successful login with valid credentials to site 1"/><testcase name="Successful login with valid credentials to site 2"/><testcase name="Successful login with valid credentials to site 3"/><testcase name="Successful login with valid credentials to site 4"/></testsuite>